[2023-04-04T13:55:17.893] [ERROR] default - Error: listen EADDRINUSE: address already in use :::8080
    at Server.setupListenHandle [as _listen2] (node:net:1372:16)
    at listenInCluster (node:net:1420:12)
    at Server.listen (node:net:1508:7)
    at Function.listen (C:\Users\Koakuma\Documents\CoderHouse\backend\desafio final tercera entrega\node_modules\express\lib\application.js:618:24)
    at file:///C:/Users/Koakuma/Documents/CoderHouse/backend/desafio%20final%20tercera%20entrega/src/server.js:81:20
    at ModuleJob.run (node:internal/modules/esm/module_job:198:25)
    at async Promise.all (index 0)
    at async ESMLoader.import (node:internal/modules/esm/loader:385:24)
    at async loadESM (node:internal/process/esm_loader:88:5)
    at async handleMainPromise (node:internal/modules/run_main:61:12) {
  code: 'EADDRINUSE',
  errno: -4091,
  syscall: 'listen',
  address: '::',
  port: 8080
}
[2023-04-12T13:35:05.204] [ERROR] default - Error: listen EADDRINUSE: address already in use :::8080
    at Server.setupListenHandle [as _listen2] (node:net:1372:16)
    at listenInCluster (node:net:1420:12)
    at Server.listen (node:net:1508:7)
    at Function.listen (C:\Users\Koakuma\Documents\CoderHouse\backend\desafio_17_dividir_en_capas\node_modules\express\lib\application.js:635:24)
    at file:///C:/Users/Koakuma/Documents/CoderHouse/backend/desafio_17_dividir_en_capas/server.js:80:20
    at ModuleJob.run (node:internal/modules/esm/module_job:198:25)
    at async Promise.all (index 0)
    at async ESMLoader.import (node:internal/modules/esm/loader:385:24)
    at async loadESM (node:internal/process/esm_loader:88:5)
    at async handleMainPromise (node:internal/modules/run_main:61:12) {
  code: 'EADDRINUSE',
  errno: -4091,
  syscall: 'listen',
  address: '::',
  port: 8080
}
[2023-04-27T17:00:31.307] [ERROR] default - MongoServerError: E11000 duplicate key error collection: DBterceraEntrega.usuarios index: username_1 dup key: { username: "user" }
    at C:\Users\Koakuma\Documents\CoderHouse\backend\desafio_19_testeamos nuestra API REST\node_modules\mongoose\node_modules\mongodb\lib\operations\insert.js:53:33
    at C:\Users\Koakuma\Documents\CoderHouse\backend\desafio_19_testeamos nuestra API REST\node_modules\mongoose\node_modules\mongodb\lib\cmap\connection_pool.js:333:25
    at C:\Users\Koakuma\Documents\CoderHouse\backend\desafio_19_testeamos nuestra API REST\node_modules\mongoose\node_modules\mongodb\lib\sdam\server.js:210:17
    at handleOperationResult (C:\Users\Koakuma\Documents\CoderHouse\backend\desafio_19_testeamos nuestra API REST\node_modules\mongoose\node_modules\mongodb\lib\sdam\server.js:326:20)
    at Connection.onMessage (C:\Users\Koakuma\Documents\CoderHouse\backend\desafio_19_testeamos nuestra API REST\node_modules\mongoose\node_modules\mongodb\lib\cmap\connection.js:242:9)
    at MessageStream.<anonymous> (C:\Users\Koakuma\Documents\CoderHouse\backend\desafio_19_testeamos nuestra API REST\node_modules\mongoose\node_modules\mongodb\lib\cmap\connection.js:61:60)
    at MessageStream.emit (node:events:527:28)
    at processIncomingData (C:\Users\Koakuma\Documents\CoderHouse\backend\desafio_19_testeamos nuestra API REST\node_modules\mongoose\node_modules\mongodb\lib\cmap\message_stream.js:125:16)
    at MessageStream._write (C:\Users\Koakuma\Documents\CoderHouse\backend\desafio_19_testeamos nuestra API REST\node_modules\mongoose\node_modules\mongodb\lib\cmap\message_stream.js:33:9)
    at writeOrBuffer (node:internal/streams/writable:389:12)
    at _write (node:internal/streams/writable:330:10)
    at MessageStream.Writable.write (node:internal/streams/writable:334:10)
    at TLSSocket.ondata (node:internal/streams/readable:754:22)
    at TLSSocket.emit (node:events:527:28)
    at addChunk (node:internal/streams/readable:315:12)
    at readableAddChunk (node:internal/streams/readable:289:9)
    at TLSSocket.Readable.push (node:internal/streams/readable:228:10)
    at TLSWrap.onStreamRead (node:internal/stream_base_commons:190:23) {
  index: 0,
  code: 11000,
  keyPattern: { username: 1 },
  keyValue: { username: 'user' },
  [Symbol(errorLabels)]: Set(0) {}
}
[2023-04-27T17:05:01.148] [ERROR] default - MongoServerError: E11000 duplicate key error collection: DBterceraEntrega.usuarios index: username_1 dup key: { username: "user" }
    at C:\Users\Koakuma\Documents\CoderHouse\backend\desafio_19_testeamos nuestra API REST\node_modules\mongoose\node_modules\mongodb\lib\operations\insert.js:53:33
    at C:\Users\Koakuma\Documents\CoderHouse\backend\desafio_19_testeamos nuestra API REST\node_modules\mongoose\node_modules\mongodb\lib\cmap\connection_pool.js:333:25
    at C:\Users\Koakuma\Documents\CoderHouse\backend\desafio_19_testeamos nuestra API REST\node_modules\mongoose\node_modules\mongodb\lib\sdam\server.js:210:17
    at handleOperationResult (C:\Users\Koakuma\Documents\CoderHouse\backend\desafio_19_testeamos nuestra API REST\node_modules\mongoose\node_modules\mongodb\lib\sdam\server.js:326:20)
    at Connection.onMessage (C:\Users\Koakuma\Documents\CoderHouse\backend\desafio_19_testeamos nuestra API REST\node_modules\mongoose\node_modules\mongodb\lib\cmap\connection.js:242:9)
    at MessageStream.<anonymous> (C:\Users\Koakuma\Documents\CoderHouse\backend\desafio_19_testeamos nuestra API REST\node_modules\mongoose\node_modules\mongodb\lib\cmap\connection.js:61:60)
    at MessageStream.emit (node:events:527:28)
    at processIncomingData (C:\Users\Koakuma\Documents\CoderHouse\backend\desafio_19_testeamos nuestra API REST\node_modules\mongoose\node_modules\mongodb\lib\cmap\message_stream.js:125:16)
    at MessageStream._write (C:\Users\Koakuma\Documents\CoderHouse\backend\desafio_19_testeamos nuestra API REST\node_modules\mongoose\node_modules\mongodb\lib\cmap\message_stream.js:33:9)
    at writeOrBuffer (node:internal/streams/writable:389:12)
    at _write (node:internal/streams/writable:330:10)
    at MessageStream.Writable.write (node:internal/streams/writable:334:10)
    at TLSSocket.ondata (node:internal/streams/readable:754:22)
    at TLSSocket.emit (node:events:527:28)
    at addChunk (node:internal/streams/readable:315:12)
    at readableAddChunk (node:internal/streams/readable:289:9)
    at TLSSocket.Readable.push (node:internal/streams/readable:228:10)
    at TLSWrap.onStreamRead (node:internal/stream_base_commons:190:23) {
  index: 0,
  code: 11000,
  keyPattern: { username: 1 },
  keyValue: { username: 'user' },
  [Symbol(errorLabels)]: Set(0) {}
}
[2023-04-27T18:08:50.480] [ERROR] default - Error: listen EADDRINUSE: address already in use :::8080
    at Server.setupListenHandle [as _listen2] (node:net:1372:16)
    at listenInCluster (node:net:1420:12)
    at Server.listen (node:net:1508:7)
    at Function.listen (C:\Users\Koakuma\Documents\CoderHouse\backend\desafio_19_testeamos nuestra API REST\node_modules\express\lib\application.js:635:24)
    at file:///C:/Users/Koakuma/Documents/CoderHouse/backend/desafio_19_testeamos%20nuestra%20API%20REST/server.js:80:20
    at ModuleJob.run (node:internal/modules/esm/module_job:198:25)
    at async Promise.all (index 0)
    at async ESMLoader.import (node:internal/modules/esm/loader:385:24)
    at async loadESM (node:internal/process/esm_loader:88:5)
    at async handleMainPromise (node:internal/modules/run_main:61:12) {
  code: 'EADDRINUSE',
  errno: -4091,
  syscall: 'listen',
  address: '::',
  port: 8080
}
[2023-04-27T18:09:11.555] [ERROR] default - Error: listen EADDRINUSE: address already in use :::8080
    at Server.setupListenHandle [as _listen2] (node:net:1372:16)
    at listenInCluster (node:net:1420:12)
    at Server.listen (node:net:1508:7)
    at Function.listen (C:\Users\Koakuma\Documents\CoderHouse\backend\desafio_19_testeamos nuestra API REST\node_modules\express\lib\application.js:635:24)
    at file:///C:/Users/Koakuma/Documents/CoderHouse/backend/desafio_19_testeamos%20nuestra%20API%20REST/server.js:80:20
    at ModuleJob.run (node:internal/modules/esm/module_job:198:25)
    at async Promise.all (index 0)
    at async ESMLoader.import (node:internal/modules/esm/loader:385:24)
    at async loadESM (node:internal/process/esm_loader:88:5)
    at async handleMainPromise (node:internal/modules/run_main:61:12) {
  code: 'EADDRINUSE',
  errno: -4091,
  syscall: 'listen',
  address: '::',
  port: 8080
}
